Sun, 29 Nov 2015 17:22:17 MyLogger.py[line:54] INFO MyLogger Initiated
Sun, 29 Nov 2015 17:22:17 MyLogger.py[line:50] DEBUG Hello
Sun, 29 Nov 2015 17:22:57 MyLogger.py[line:54] INFO MyLogger Initiated
Sun, 29 Nov 2015 17:22:57 MyLogger.py[line:50] DEBUG Hello
Sun, 29 Nov 2015 17:23:01 MyLogger.py[line:54] INFO MyLogger Initiated
Sun, 29 Nov 2015 17:23:01 MyLogger.py[line:50] DEBUG Hello
Sun, 29 Nov 2015 17:26:09 MyLogger.py[line:54] INFO MyLogger Initiated
Sun, 29 Nov 2015 17:26:09 MyLogger.py[line:50] DEBUG Hello
Sun, 29 Nov 2015 17:26:24 MyLogger.py[line:54] INFO MyLogger Initiated
Sun, 29 Nov 2015 17:26:24 MyLogger.py[line:50] DEBUG Hello
Sun, 29 Nov 2015 17:29:01 MyLogger.py[line:54] INFO MyLogger Initiated
Sun, 29 Nov 2015 17:29:01 MyLogger.py[line:50] DEBUG Hello
Sun, 29 Nov 2015 17:30:02 MyLogger.py[line:54] INFO MyLogger Initiated
Sun, 29 Nov 2015 17:30:02 MyLogger.py[line:50] DEBUG Hello
Sun, 29 Nov 2015 17:30:06 Collector.py[line:18] DEBUG World
Sun, 29 Nov 2015 17:30:53 MyLogger.py[line:54] INFO MyLogger Initiated
Sun, 29 Nov 2015 17:30:53 MyLogger.py[line:50] DEBUG Hello
Sun, 29 Nov 2015 17:30:53 Collector.py[line:18] DEBUG World
Sun, 29 Nov 2015 17:41:10 MyLogger.py[line:54] INFO MyLogger Initiated
Sun, 29 Nov 2015 17:41:10 MyLogger.py[line:50] DEBUG Hello
Sun, 29 Nov 2015 17:42:06 MyLogger.py[line:54] INFO MyLogger Initiated
Sun, 29 Nov 2015 17:42:06 MyLogger.py[line:50] DEBUG Hello
Sun, 29 Nov 2015 17:42:34 MyLogger.py[line:54] INFO MyLogger Initiated
Sun, 29 Nov 2015 17:42:34 MyLogger.py[line:50] DEBUG Hello
Sun, 29 Nov 2015 17:43:00 MyLogger.py[line:54] INFO MyLogger Initiated
Sun, 29 Nov 2015 17:43:00 MyLogger.py[line:50] DEBUG Hello
Sun, 29 Nov 2015 17:45:13 MyLogger.py[line:54] INFO MyLogger Initiated
Sun, 29 Nov 2015 17:45:27 MyLogger.py[line:54] INFO MyLogger Initiated
Sun, 29 Nov 2015 17:45:51 MyLogger.py[line:54] INFO MyLogger Initiated
Sun, 29 Nov 2015 17:46:01 MyLogger.py[line:54] INFO MyLogger Initiated
Sun, 29 Nov 2015 17:46:19 MyLogger.py[line:54] INFO MyLogger Initiated
Sun, 29 Nov 2015 17:46:45 MyLogger.py[line:54] INFO MyLogger Initiated
Sun, 29 Nov 2015 17:46:53 MyLogger.py[line:54] INFO MyLogger Initiated
Sun, 29 Nov 2015 17:47:19 MyLogger.py[line:54] INFO MyLogger Initiated
Sun, 29 Nov 2015 17:48:18 MyLogger.py[line:54] INFO MyLogger Initiated
Sun, 29 Nov 2015 17:48:18 MyLogger.py[line:50] DEBUG Hello
Sun, 29 Nov 2015 17:48:38 MyLogger.py[line:54] INFO MyLogger Initiated
Sun, 29 Nov 2015 17:48:38 MyLogger.py[line:50] DEBUG Hello
Sun, 29 Nov 2015 17:49:07 MyLogger.py[line:54] INFO MyLogger Initiated
Sun, 29 Nov 2015 17:49:07 MyLogger.py[line:50] DEBUG Hello
Sun, 29 Nov 2015 17:52:02 MyLogger.py[line:54] INFO MyLogger Initiated
Sun, 29 Nov 2015 17:52:02 MyLogger.py[line:50] DEBUG Hello
Sun, 29 Nov 2015 17:54:45 MyLogger.py[line:54] INFO MyLogger Initiated
Sun, 29 Nov 2015 17:54:45 MyLogger.py[line:50] DEBUG Hello
Sun, 29 Nov 2015 17:54:45 Collector.py[line:16] DEBUG TEst
Sun, 29 Nov 2015 17:54:45 Collector.py[line:17] DEBUG World
Sun, 29 Nov 2015 17:54:45 MySQLAccess.py[line:28] DEBUG Initialize Connection Success
Sun, 29 Nov 2015 17:56:06 MyLogger.py[line:54] INFO MyLogger Initiated
Sun, 29 Nov 2015 17:56:06 MyLogger.py[line:50] DEBUG Hello
Sun, 29 Nov 2015 17:56:06 Collector.py[line:16] DEBUG TEst
Sun, 29 Nov 2015 17:56:06 Collector.py[line:17] INFO World
Sun, 29 Nov 2015 17:56:07 MySQLAccess.py[line:28] DEBUG Initialize Connection Success
Sun, 29 Nov 2015 17:59:02 MyLogger.py[line:54] INFO MyLogger Initiated
Sun, 29 Nov 2015 17:59:02 MyLogger.py[line:50] DEBUG Hello
Sun, 29 Nov 2015 17:59:02 Collector.py[line:16] DEBUG TEst
Sun, 29 Nov 2015 17:59:02 Collector.py[line:17] INFO World
Sun, 29 Nov 2015 17:59:02 MySQLAccess.py[line:28] INFO Initialize Connection Success
Sun, 29 Nov 2015 18:12:11 MyLogger.py[line:54] INFO MyLogger Initiated
Sun, 29 Nov 2015 18:12:11 MyLogger.py[line:50] DEBUG Hello
Sun, 29 Nov 2015 18:12:11 Collector.py[line:18] DEBUG TEst
Sun, 29 Nov 2015 18:12:11 Collector.py[line:19] INFO World
Sun, 29 Nov 2015 18:12:11 MySQLAccess.py[line:28] INFO Initialize Connection Success
Sun, 29 Nov 2015 18:14:40 MyLogger.py[line:54] INFO MyLogger Initiated
Sun, 29 Nov 2015 18:14:40 MyLogger.py[line:50] DEBUG Hello
Sun, 29 Nov 2015 18:14:40 Collector.py[line:18] DEBUG TEst
Sun, 29 Nov 2015 18:14:40 Collector.py[line:19] INFO World
Sun, 29 Nov 2015 18:14:40 MySQLAccess.py[line:28] INFO Initialize Connection Success
Sun, 29 Nov 2015 18:14:40 Test.py[line:32] INFO Loading Data
Sun, 29 Nov 2015 18:14:41 Test.py[line:41] INFO Saving Data
Sun, 29 Nov 2015 18:17:08 MyLogger.py[line:54] INFO MyLogger Initiated
Sun, 29 Nov 2015 18:17:08 MyLogger.py[line:50] DEBUG Hello
Sun, 29 Nov 2015 18:17:08 Collector.py[line:18] DEBUG TEst
Sun, 29 Nov 2015 18:17:08 Collector.py[line:19] INFO World
Sun, 29 Nov 2015 18:17:08 MySQLAccess.py[line:28] INFO Initialize Connection Success
Sun, 29 Nov 2015 18:17:08 Test.py[line:32] INFO Loading Data
Sun, 29 Nov 2015 18:17:08 Test.py[line:41] INFO Saving Data
Sun, 29 Nov 2015 18:17:08 Test.py[line:47] INFO Saving Success
Mon, 30 Nov 2015 21:54:44 MyLogger.py[line:54] INFO MyLogger Initialized
Mon, 30 Nov 2015 21:54:44 MyLogger.py[line:50] DEBUG Hello
Mon, 30 Nov 2015 21:54:44 Collector.py[line:18] DEBUG TEst
Mon, 30 Nov 2015 21:54:44 Collector.py[line:19] INFO World
Mon, 30 Nov 2015 21:54:46 MySQLAccess.py[line:28] INFO Initialize Connection Success
Mon, 30 Nov 2015 21:55:43 MyLogger.py[line:54] INFO MyLogger Initialized
Mon, 30 Nov 2015 21:55:43 MyLogger.py[line:50] DEBUG Hello
Mon, 30 Nov 2015 21:55:43 Collector.py[line:18] DEBUG TEst
Mon, 30 Nov 2015 21:55:43 Collector.py[line:19] INFO World
Mon, 30 Nov 2015 21:56:05 MyLogger.py[line:54] INFO MyLogger Initialized
Mon, 30 Nov 2015 21:56:05 MyLogger.py[line:50] DEBUG Hello
Mon, 30 Nov 2015 21:56:05 Collector.py[line:18] DEBUG TEst
Mon, 30 Nov 2015 21:56:05 Collector.py[line:19] INFO World
Mon, 30 Nov 2015 21:56:05 MySQLAccess.py[line:28] INFO Initialize Connection Success
Mon, 30 Nov 2015 21:56:05 BaseDataLoader.py[line:25] INFO BaseDataLoader Initialized: t_his_tick_data
Mon, 30 Nov 2015 21:56:05 Test.py[line:34] INFO Loading Data
Mon, 30 Nov 2015 21:56:06 Test.py[line:43] INFO Saving Data
